c:\users\kamil\source\repos\project1\debug\vc142.pdb
c:\users\kamil\source\repos\project1\debug\vc142.idb
c:\users\kamil\source\repos\project1\debug\project1.obj
c:\users\kamil\documents\тп№3\lab_3_tech_prog\debug\vc142.pdb
c:\users\kamil\documents\тп№3\lab_3_tech_prog\debug\vc142.idb
c:\users\kamil\documents\тп№3\lab_3_tech_prog\debug\project1.obj
c:\users\kamil\source\repos\project1\debug\project1.exe
c:\users\kamil\source\repos\project1\debug\project1.ilk
c:\users\kamil\source\repos\project1\debug\project1.pdb
c:\users\kamil\documents\тп№3\lab_3_tech_prog\debug\project1.exe
c:\users\kamil\documents\тп№3\lab_3_tech_prog\debug\project1.ilk
c:\users\kamil\documents\тп№3\lab_3_tech_prog\debug\project1.pdb
c:\users\kamil\source\repos\project1\debug\project1.res
c:\users\kamil\documents\тп№3\lab_3_tech_prog\debug\project1.res
c:\users\kamil\documents\тп№3\lab_3_tech_prog\debug\project1.tlog\cl.command.1.tlog
c:\users\kamil\documents\тп№3\lab_3_tech_prog\debug\project1.tlog\cl.read.1.tlog
c:\users\kamil\documents\тп№3\lab_3_tech_prog\debug\project1.tlog\cl.write.1.tlog
c:\users\kamil\documents\тп№3\lab_3_tech_prog\debug\project1.tlog\link.command.1.tlog
c:\users\kamil\documents\тп№3\lab_3_tech_prog\debug\project1.tlog\link.read.1.tlog
c:\users\kamil\documents\тп№3\lab_3_tech_prog\debug\project1.tlog\link.write.1.tlog
c:\users\kamil\documents\тп№3\lab_3_tech_prog\debug\project1.tlog\rc.command.1.tlog
c:\users\kamil\documents\тп№3\lab_3_tech_prog\debug\project1.tlog\rc.read.1.tlog
c:\users\kamil\documents\тп№3\lab_3_tech_prog\debug\project1.tlog\rc.write.1.tlog
