c:\users\kamil\desktop\lab_1\debug\vc142.pdb
c:\users\kamil\desktop\lab_1\debug\vc142.idb
c:\users\kamil\desktop\lab_1\debug\source.obj
c:\users\kamil\desktop\lab_1\debug\table.obj
c:\users\kamil\desktop\lab_1\проект\debug\vc142.pdb
c:\users\kamil\desktop\lab_1\проект\debug\vc142.idb
c:\users\kamil\desktop\lab_1\проект\debug\table.obj
c:\users\kamil\desktop\lab_1\проект\debug\source.obj
c:\users\kamil\desktop\lab_1\debug\lab_1.exe
c:\users\kamil\desktop\lab_1\debug\lab_1.ilk
c:\users\kamil\desktop\lab_1\debug\lab_1.pdb
c:\users\kamil\desktop\lab_1\проект\debug\lab_1.exe
c:\users\kamil\desktop\lab_1\проект\debug\lab_1.ilk
c:\users\kamil\desktop\lab_1\проект\debug\lab_1.pdb
c:\users\kamil\desktop\lab_1\проект\debug\table.obj.enc
c:\users\kamil\desktop\lab_1\проект\debug\lab_1.tlog\cl.command.1.tlog
c:\users\kamil\desktop\lab_1\проект\debug\lab_1.tlog\cl.read.1.tlog
c:\users\kamil\desktop\lab_1\проект\debug\lab_1.tlog\cl.write.1.tlog
c:\users\kamil\desktop\lab_1\проект\debug\lab_1.tlog\link.command.1.tlog
c:\users\kamil\desktop\lab_1\проект\debug\lab_1.tlog\link.read.1.tlog
c:\users\kamil\desktop\lab_1\проект\debug\lab_1.tlog\link.write.1.tlog
